<?xml version="1.0" encoding="UTF-8"?>
<!-- Generated by org.testng.reporters.JUnitReportReporter -->
<testsuite hostname="MacBook-Pro.local" failures="0" tests="2" name="FiftyOneTestCases.HomePage.HomePageWithThreeSlidersOnly" time="24.147" errors="0" timestamp="2023-02-23T23:58:36 EST" skipped="0">
  <testcase classname="FiftyOneTestCases.HomePage.HomePageWithThreeSlidersOnly" name="clickOnShopMenu" time="16.386"/>
  <system-out/>
  <testcase classname="FiftyOneTestCases.HomePage.HomePageWithThreeSlidersOnly" name="checkSliders" time="7.761"/>
  <system-out/>
</testsuite> <!-- FiftyOneTestCases.HomePage.HomePageWithThreeSlidersOnly -->
