<?xml version="1.0" encoding="UTF-8"?>
<!-- Generated by org.testng.reporters.JUnitReportReporter -->
<testsuite hostname="MacBook-Pro.local" failures="0" tests="2" name="jUnitTestingPackage.AnnotationTesting" time="0.023" errors="0" timestamp="2023-04-05T15:41:45 EDT" skipped="0">
  <testcase classname="jUnitTestingPackage.AnnotationTesting" name="test1" time="0.017"/>
  <system-out/>
  <testcase classname="jUnitTestingPackage.AnnotationTesting" name="test2" time="0.006"/>
  <system-out/>
</testsuite> <!-- jUnitTestingPackage.AnnotationTesting -->
