<?xml version="1.0" encoding="UTF-8"?>
<!-- Generated by org.testng.reporters.JUnitReportReporter -->
<testsuite hostname="MacBook-Pro.local" failures="0" tests="4" name="FiftyOneTestCases.HomePage.HomePageArrivalsImagesDescription" time="10.741" errors="0" timestamp="2023-02-24T02:33:05 EST" skipped="3">
  <testcase classname="FiftyOneTestCases.HomePage.HomePageArrivalsImagesDescription" name="clickReviewsAndDescription" time="10.741"/>
  <system-out/>
  <testcase classname="FiftyOneTestCases.HomePage.HomePageArrivalsImagesDescription" name="checkArrivals">
    <skipped/>
  </testcase> <!-- checkArrivals -->
  <system-out/>
  <testcase classname="FiftyOneTestCases.HomePage.HomePageArrivalsImagesDescription" name="clickImage">
    <skipped/>
  </testcase> <!-- clickImage -->
  <system-out/>
  <testcase classname="FiftyOneTestCases.HomePage.HomePageArrivalsImagesDescription" name="clickOnShopMenu">
    <skipped/>
  </testcase> <!-- clickOnShopMenu -->
  <system-out/>
</testsuite> <!-- FiftyOneTestCases.HomePage.HomePageArrivalsImagesDescription -->
