<?xml version="1.0" encoding="UTF-8"?>
<!-- Generated by org.testng.reporters.JUnitReportReporter -->
<testsuite hostname="MacBook-Pro.local" failures="0" tests="7" name="FiftyOneTestCases.HomePage.HomeArrivalsAddToBasketItemsCheckoutFunctionality" time="26.177" errors="0" timestamp="2023-02-26T02:35:36 EST" skipped="3">
  <testcase classname="FiftyOneTestCases.HomePage.HomeArrivalsAddToBasketItemsCheckoutFunctionality" name="clickOnAddBasket" time="6.056"/>
  <system-out/>
  <testcase classname="FiftyOneTestCases.HomePage.HomeArrivalsAddToBasketItemsCheckoutFunctionality" name="clickItemLink" time="10.295"/>
  <system-out/>
  <testcase classname="FiftyOneTestCases.HomePage.HomeArrivalsAddToBasketItemsCheckoutFunctionality" name="findTotalAndSubTotal" time="2.515"/>
  <system-out/>
  <testcase classname="FiftyOneTestCases.HomePage.HomeArrivalsAddToBasketItemsCheckoutFunctionality" name="clickCheckout" time="7.311"/>
  <system-out/>
  <testcase classname="FiftyOneTestCases.HomePage.HomeArrivalsAddToBasketItemsCheckoutFunctionality" name="clickImage">
    <skipped/>
  </testcase> <!-- clickImage -->
  <system-out/>
  <testcase classname="FiftyOneTestCases.HomePage.HomeArrivalsAddToBasketItemsCheckoutFunctionality" name="checkArrivals">
    <skipped/>
  </testcase> <!-- checkArrivals -->
  <system-out/>
  <testcase classname="FiftyOneTestCases.HomePage.HomeArrivalsAddToBasketItemsCheckoutFunctionality" name="clickOnShopMenu">
    <skipped/>
  </testcase> <!-- clickOnShopMenu -->
  <system-out/>
</testsuite> <!-- FiftyOneTestCases.HomePage.HomeArrivalsAddToBasketItemsCheckoutFunctionality -->
