<?xml version="1.0" encoding="UTF-8"?>
<!-- Generated by org.testng.reporters.JUnitReportReporter -->
<testsuite hostname="MacBook-Pro.local" failures="0" tests="6" name="FiftyOneTestCases.HomePage.HomeArrivalsAddToBasketItemsRemoveBook" time="26.291" errors="0" timestamp="2023-02-25T03:19:16 EST" skipped="3">
  <testcase classname="FiftyOneTestCases.HomePage.HomeArrivalsAddToBasketItemsRemoveBook" name="clickOnAddBasket" time="6.451"/>
  <system-out/>
  <testcase classname="FiftyOneTestCases.HomePage.HomeArrivalsAddToBasketItemsRemoveBook" name="clickItemLink" time="11.291"/>
  <system-out/>
  <testcase classname="FiftyOneTestCases.HomePage.HomeArrivalsAddToBasketItemsRemoveBook" name="enterCouponError" time="8.549"/>
  <system-out/>
  <testcase classname="FiftyOneTestCases.HomePage.HomeArrivalsAddToBasketItemsRemoveBook" name="checkArrivals">
    <skipped/>
  </testcase> <!-- checkArrivals -->
  <system-out/>
  <testcase classname="FiftyOneTestCases.HomePage.HomeArrivalsAddToBasketItemsRemoveBook" name="clickOnShopMenu">
    <skipped/>
  </testcase> <!-- clickOnShopMenu -->
  <system-out/>
  <testcase classname="FiftyOneTestCases.HomePage.HomeArrivalsAddToBasketItemsRemoveBook" name="clickImage">
    <skipped/>
  </testcase> <!-- clickImage -->
  <system-out/>
</testsuite> <!-- FiftyOneTestCases.HomePage.HomeArrivalsAddToBasketItemsRemoveBook -->
