<?xml version="1.0" encoding="UTF-8"?>
<!-- Generated by org.testng.reporters.JUnitReportReporter -->
<testsuite hostname="MacBook-Pro.local" failures="0" tests="5" name="FiftyOneTestCases.HomePage.HomePageArrivalsAddToBasketWithMoreBooks" time="16.296" errors="0" timestamp="2023-02-24T02:56:30 EST" skipped="3">
  <testcase classname="FiftyOneTestCases.HomePage.HomePageArrivalsAddToBasketWithMoreBooks" name="clickOnAddBasket" time="9.658"/>
  <system-out/>
  <testcase classname="FiftyOneTestCases.HomePage.HomePageArrivalsAddToBasketWithMoreBooks" name="addMoreBooks" time="6.638"/>
  <system-out/>
  <testcase classname="FiftyOneTestCases.HomePage.HomePageArrivalsAddToBasketWithMoreBooks" name="clickImage">
    <skipped/>
  </testcase> <!-- clickImage -->
  <system-out/>
  <testcase classname="FiftyOneTestCases.HomePage.HomePageArrivalsAddToBasketWithMoreBooks" name="checkArrivals">
    <skipped/>
  </testcase> <!-- checkArrivals -->
  <system-out/>
  <testcase classname="FiftyOneTestCases.HomePage.HomePageArrivalsAddToBasketWithMoreBooks" name="clickOnShopMenu">
    <skipped/>
  </testcase> <!-- clickOnShopMenu -->
  <system-out/>
</testsuite> <!-- FiftyOneTestCases.HomePage.HomePageArrivalsAddToBasketWithMoreBooks -->
