<?xml version="1.0" encoding="UTF-8"?>
<!-- Generated by org.testng.reporters.JUnitReportReporter -->
<testsuite hostname="MacBook-Pro.local" failures="0" tests="4" name="FiftyOneTestCases.HomePage.HomePageArrivalsImagesAddToBasket" time="8.718" errors="0" timestamp="2023-02-24T02:42:42 EST" skipped="3">
  <testcase classname="FiftyOneTestCases.HomePage.HomePageArrivalsImagesAddToBasket" name="clickOnAddBasket" time="8.718"/>
  <system-out/>
  <testcase classname="FiftyOneTestCases.HomePage.HomePageArrivalsImagesAddToBasket" name="clickOnShopMenu">
    <skipped/>
  </testcase> <!-- clickOnShopMenu -->
  <system-out/>
  <testcase classname="FiftyOneTestCases.HomePage.HomePageArrivalsImagesAddToBasket" name="clickImage">
    <skipped/>
  </testcase> <!-- clickImage -->
  <system-out/>
  <testcase classname="FiftyOneTestCases.HomePage.HomePageArrivalsImagesAddToBasket" name="checkArrivals">
    <skipped/>
  </testcase> <!-- checkArrivals -->
  <system-out/>
</testsuite> <!-- FiftyOneTestCases.HomePage.HomePageArrivalsImagesAddToBasket -->
