<?xml version="1.0" encoding="UTF-8"?>
<!-- Generated by org.testng.reporters.JUnitReportReporter -->
<testsuite hostname="MacBook-Pro.local" failures="0" tests="3" name="FiftyOneTestCases.HomePage.HomePageImageInArrivalsShouldNavigate" time="28.060" errors="0" timestamp="2023-02-24T01:41:04 EST" skipped="0">
  <testcase classname="FiftyOneTestCases.HomePage.HomePageImageInArrivalsShouldNavigate" name="clickOnShopMenu" time="13.868"/>
  <system-out/>
  <testcase classname="FiftyOneTestCases.HomePage.HomePageImageInArrivalsShouldNavigate" name="checkArrivals" time="5.071"/>
  <system-out/>
  <testcase classname="FiftyOneTestCases.HomePage.HomePageImageInArrivalsShouldNavigate" name="clickImage" time="9.121"/>
  <system-out/>
</testsuite> <!-- FiftyOneTestCases.HomePage.HomePageImageInArrivalsShouldNavigate -->
