<?xml version="1.0" encoding="UTF-8"?>
<!-- Generated by org.testng.reporters.JUnitReportReporter -->
<testsuite hostname="MacBook-Pro.local" failures="0" tests="1" name="MyAccountPage.iframe" time="21.110" errors="0" timestamp="2023-03-06T04:30:46 EST" skipped="0">
  <testcase classname="MyAccountPage.iframe" name="clickAccount" time="21.110"/>
  <system-out/>
</testsuite> <!-- MyAccountPage.iframe -->
