<?xml version="1.0" encoding="UTF-8"?>
<!-- Generated by org.testng.reporters.JUnitReportReporter -->
<testsuite hostname="MacBook-Pro.local" failures="0" tests="2" name="jUnitTestingPackage.AnnotationTesting" time="0.028" errors="0" timestamp="2023-04-04T21:04:29 EDT" skipped="0">
  <testcase classname="jUnitTestingPackage.AnnotationTesting" name="test1" time="0.012"/>
  <system-out/>
  <testcase classname="jUnitTestingPackage.AnnotationTesting" name="test2" time="0.016"/>
  <system-out/>
</testsuite> <!-- jUnitTestingPackage.AnnotationTesting -->
