<?xml version="1.0" encoding="UTF-8"?>
<!-- Generated by org.testng.reporters.JUnitReportReporter -->
<testsuite hostname="MacBook-Pro.local" failures="0" tests="2" name="FiftyOneTestCases.MyAccountLogin.LoginAuthentication" time="0.303" errors="0" timestamp="2023-03-05T02:41:36 EST" skipped="0">
  <testcase classname="FiftyOneTestCases.MyAccountLogin.LoginAuthentication" name="clickMyAccount" time="0.301"/>
  <system-out/>
  <testcase classname="FiftyOneTestCases.MyAccountLogin.LoginAuthentication" name="enterUserNameAndPass" time="0.002"/>
  <system-out/>
</testsuite> <!-- FiftyOneTestCases.MyAccountLogin.LoginAuthentication -->
