<?xml version="1.0" encoding="UTF-8"?>
<!-- Generated by org.testng.reporters.JUnitReportReporter -->
<testsuite hostname="MacBook-Pro.local" failures="0" tests="6" name="FiftyOneTestCases.HomePage.HomeArrivalsAddtoBasketCouponValueError" time="25.572" errors="0" timestamp="2023-02-25T03:09:04 EST" skipped="3">
  <testcase classname="FiftyOneTestCases.HomePage.HomeArrivalsAddtoBasketCouponValueError" name="clickOnAddBasket" time="7.039"/>
  <system-out/>
  <testcase classname="FiftyOneTestCases.HomePage.HomeArrivalsAddtoBasketCouponValueError" name="clickItemLink" time="12.743"/>
  <system-out/>
  <testcase classname="FiftyOneTestCases.HomePage.HomeArrivalsAddtoBasketCouponValueError" name="enterCouponError" time="5.790"/>
  <system-out/>
  <testcase classname="FiftyOneTestCases.HomePage.HomeArrivalsAddtoBasketCouponValueError" name="checkArrivals">
    <skipped/>
  </testcase> <!-- checkArrivals -->
  <system-out/>
  <testcase classname="FiftyOneTestCases.HomePage.HomeArrivalsAddtoBasketCouponValueError" name="clickOnShopMenu">
    <skipped/>
  </testcase> <!-- clickOnShopMenu -->
  <system-out/>
  <testcase classname="FiftyOneTestCases.HomePage.HomeArrivalsAddtoBasketCouponValueError" name="clickImage">
    <skipped/>
  </testcase> <!-- clickImage -->
  <system-out/>
</testsuite> <!-- FiftyOneTestCases.HomePage.HomeArrivalsAddtoBasketCouponValueError -->
