<?xml version="1.0" encoding="UTF-8"?>
<!-- Generated by org.testng.reporters.JUnitReportReporter -->
<testsuite hostname="MacBook-Pro.local" failures="0" tests="6" name="FiftyOneTestCases.HomePage.HomeArrivalsAddToBasketItemsCoupon" time="23.222" errors="0" timestamp="2023-02-25T02:30:10 EST" skipped="3">
  <testcase classname="FiftyOneTestCases.HomePage.HomeArrivalsAddToBasketItemsCoupon" name="clickOnAddBasket" time="4.866"/>
  <system-out/>
  <testcase classname="FiftyOneTestCases.HomePage.HomeArrivalsAddToBasketItemsCoupon" name="clickItemLink" time="12.133"/>
  <system-out/>
  <testcase classname="FiftyOneTestCases.HomePage.HomeArrivalsAddToBasketItemsCoupon" name="enterCoupon" time="6.223"/>
  <system-out/>
  <testcase classname="FiftyOneTestCases.HomePage.HomeArrivalsAddToBasketItemsCoupon" name="clickImage">
    <skipped/>
  </testcase> <!-- clickImage -->
  <system-out/>
  <testcase classname="FiftyOneTestCases.HomePage.HomeArrivalsAddToBasketItemsCoupon" name="clickOnShopMenu">
    <skipped/>
  </testcase> <!-- clickOnShopMenu -->
  <system-out/>
  <testcase classname="FiftyOneTestCases.HomePage.HomeArrivalsAddToBasketItemsCoupon" name="checkArrivals">
    <skipped/>
  </testcase> <!-- checkArrivals -->
  <system-out/>
</testsuite> <!-- FiftyOneTestCases.HomePage.HomeArrivalsAddToBasketItemsCoupon -->
