<?xml version="1.0" encoding="UTF-8"?>
<!-- Generated by org.testng.reporters.JUnitReportReporter -->
<testsuite hostname="MacBook-Pro.local" failures="0" tests="2" name="FiftyOneTestCases.HomePage.HomePageWithThreeArrivalsOnly" time="20.999" errors="0" timestamp="2023-02-24T01:29:56 EST" skipped="0">
  <testcase classname="FiftyOneTestCases.HomePage.HomePageWithThreeArrivalsOnly" name="clickOnShopMenu" time="15.192"/>
  <system-out/>
  <testcase classname="FiftyOneTestCases.HomePage.HomePageWithThreeArrivalsOnly" name="checkArrivals" time="5.807"/>
  <system-out/>
</testsuite> <!-- FiftyOneTestCases.HomePage.HomePageWithThreeArrivalsOnly -->
