<?xml version="1.0" encoding="UTF-8"?>
<!-- Generated by org.testng.reporters.JUnitReportReporter -->
<testsuite hostname="MacBook-Pro.local" failures="0" tests="6" name="FiftyOneTestCases.HomePage.HomeArrivalsAddToBasketItemsAddBook" time="23.177" errors="0" timestamp="2023-02-26T01:36:02 EST" skipped="3">
  <testcase classname="FiftyOneTestCases.HomePage.HomeArrivalsAddToBasketItemsAddBook" name="clickOnAddBasket" time="7.335"/>
  <system-out/>
  <testcase classname="FiftyOneTestCases.HomePage.HomeArrivalsAddToBasketItemsAddBook" name="clickItemLink" time="10.533"/>
  <system-out/>
  <testcase classname="FiftyOneTestCases.HomePage.HomeArrivalsAddToBasketItemsAddBook" name="addBook" time="5.309"/>
  <system-out/>
  <testcase classname="FiftyOneTestCases.HomePage.HomeArrivalsAddToBasketItemsAddBook" name="clickOnShopMenu">
    <skipped/>
  </testcase> <!-- clickOnShopMenu -->
  <system-out/>
  <testcase classname="FiftyOneTestCases.HomePage.HomeArrivalsAddToBasketItemsAddBook" name="clickImage">
    <skipped/>
  </testcase> <!-- clickImage -->
  <system-out/>
  <testcase classname="FiftyOneTestCases.HomePage.HomeArrivalsAddToBasketItemsAddBook" name="checkArrivals">
    <skipped/>
  </testcase> <!-- checkArrivals -->
  <system-out/>
</testsuite> <!-- FiftyOneTestCases.HomePage.HomeArrivalsAddToBasketItemsAddBook -->
