<?xml version="1.0" encoding="UTF-8"?>
<!-- Generated by org.testng.reporters.JUnitReportReporter -->
<testsuite hostname="MacBook-Pro.local" failures="0" tests="5" name="FiftyOneTestCases.HomePage.HomeArrivalsAddToBasketItems" time="26.478" errors="0" timestamp="2023-02-25T02:09:45 EST" skipped="3">
  <testcase classname="FiftyOneTestCases.HomePage.HomeArrivalsAddToBasketItems" name="clickOnAddBasket" time="10.461"/>
  <system-out/>
  <testcase classname="FiftyOneTestCases.HomePage.HomeArrivalsAddToBasketItems" name="clickItemLink" time="16.017"/>
  <system-out/>
  <testcase classname="FiftyOneTestCases.HomePage.HomeArrivalsAddToBasketItems" name="clickOnShopMenu">
    <skipped/>
  </testcase> <!-- clickOnShopMenu -->
  <system-out/>
  <testcase classname="FiftyOneTestCases.HomePage.HomeArrivalsAddToBasketItems" name="clickImage">
    <skipped/>
  </testcase> <!-- clickImage -->
  <system-out/>
  <testcase classname="FiftyOneTestCases.HomePage.HomeArrivalsAddToBasketItems" name="checkArrivals">
    <skipped/>
  </testcase> <!-- checkArrivals -->
  <system-out/>
</testsuite> <!-- FiftyOneTestCases.HomePage.HomeArrivalsAddToBasketItems -->
